2022-11-04 13:39:48.524  INFO 15180 --- [restartedMain] p.a.quizapp.QuizappApplication           : Starting QuizappApplication using Java 11.0.16.1 on LAPTOP-NSH6U059 with PID 15180 (C:\Users\48530\OneDrive\Dokumenty\NetBeansProjects\quizAppServer\target\classes started by 48530 in C:\Users\48530\OneDrive\Dokumenty\NetBeansProjects\quizAppServer)
2022-11-04 13:39:48.529  INFO 15180 --- [restartedMain] p.a.quizapp.QuizappApplication           : No active profile set, falling back to 1 default profile: "default"
2022-11-04 13:39:48.574  INFO 15180 --- [restartedMain] .e.DevToolsPropertyDefaultsPostProcessor : Devtools property defaults active! Set 'spring.devtools.add-properties' to 'false' to disable
2022-11-04 13:39:48.574  INFO 15180 --- [restartedMain] .e.DevToolsPropertyDefaultsPostProcessor : For additional web related logging consider setting the 'logging.level.web' property to 'DEBUG'
2022-11-04 13:39:49.231  INFO 15180 --- [restartedMain] .s.d.r.c.RepositoryConfigurationDelegate : Bootstrapping Spring Data JPA repositories in DEFAULT mode.
2022-11-04 13:39:49.249  INFO 15180 --- [restartedMain] .s.d.r.c.RepositoryConfigurationDelegate : Finished Spring Data repository scanning in 11 ms. Found 0 JPA repository interfaces.
2022-11-04 13:39:49.672  INFO 15180 --- [restartedMain] o.s.b.w.embedded.tomcat.TomcatWebServer  : Tomcat initialized with port(s): 8080 (http)
2022-11-04 13:39:49.680  INFO 15180 --- [restartedMain] o.apache.catalina.core.StandardService   : Starting service [Tomcat]
2022-11-04 13:39:49.680  INFO 15180 --- [restartedMain] org.apache.catalina.core.StandardEngine  : Starting Servlet engine: [Apache Tomcat/9.0.65]
2022-11-04 13:39:49.753  INFO 15180 --- [restartedMain] o.a.c.c.C.[Tomcat].[localhost].[/]       : Initializing Spring embedded WebApplicationContext
2022-11-04 13:39:49.753  INFO 15180 --- [restartedMain] w.s.c.ServletWebServerApplicationContext : Root WebApplicationContext: initialization completed in 1178 ms
2022-11-04 13:39:49.774  INFO 15180 --- [restartedMain] com.zaxxer.hikari.HikariDataSource       : HikariPool-1 - Starting...
2022-11-04 13:39:49.889  INFO 15180 --- [restartedMain] com.zaxxer.hikari.HikariDataSource       : HikariPool-1 - Start completed.
2022-11-04 13:39:49.897  INFO 15180 --- [restartedMain] o.s.b.a.h2.H2ConsoleAutoConfiguration    : H2 console available at '/h2-console'. Database available at 'jdbc:h2:mem:ff07c3a6-55bd-4322-853c-3e7a66c53968'
2022-11-04 13:39:50.014  INFO 15180 --- [restartedMain] o.hibernate.jpa.internal.util.LogHelper  : HHH000204: Processing PersistenceUnitInfo [name: default]
2022-11-04 13:39:50.061  INFO 15180 --- [restartedMain] org.hibernate.Version                    : HHH000412: Hibernate ORM core version 5.6.11.Final
2022-11-04 13:39:50.179  INFO 15180 --- [restartedMain] o.hibernate.annotations.common.Version   : HCANN000001: Hibernate Commons Annotations {5.1.2.Final}
2022-11-04 13:39:50.268  INFO 15180 --- [restartedMain] org.hibernate.dialect.Dialect            : HHH000400: Using dialect: org.hibernate.dialect.H2Dialect
2022-11-04 13:39:50.394  INFO 15180 --- [restartedMain] o.h.e.t.j.p.i.JtaPlatformInitiator       : HHH000490: Using JtaPlatform implementation: [org.hibernate.engine.transaction.jta.platform.internal.NoJtaPlatform]
2022-11-04 13:39:50.400  INFO 15180 --- [restartedMain] j.LocalContainerEntityManagerFactoryBean : Initialized JPA EntityManagerFactory for persistence unit 'default'
2022-11-04 13:39:50.697  WARN 15180 --- [restartedMain] JpaBaseConfiguration$JpaWebConfiguration : spring.jpa.open-in-view is enabled by default. Therefore, database queries may be performed during view rendering. Explicitly configure spring.jpa.open-in-view to disable this warning
2022-11-04 13:39:50.783  INFO 15180 --- [restartedMain] pertySourcedRequestMappingHandlerMapping : Mapped URL path [/v2/api-docs] onto method [springfox.documentation.swagger2.web.Swagger2Controller#getDocumentation(String, HttpServletRequest)]
2022-11-04 13:39:50.891  INFO 15180 --- [restartedMain] o.s.b.d.a.OptionalLiveReloadServer       : LiveReload server is running on port 35729
2022-11-04 13:39:51.028  INFO 15180 --- [restartedMain] o.s.b.w.embedded.tomcat.TomcatWebServer  : Tomcat started on port(s): 8080 (http) with context path ''
2022-11-04 13:39:51.029  INFO 15180 --- [restartedMain] d.s.w.p.DocumentationPluginsBootstrapper : Context refreshed
2022-11-04 13:39:51.043  INFO 15180 --- [restartedMain] d.s.w.p.DocumentationPluginsBootstrapper : Found 1 custom documentation plugin(s)
2022-11-04 13:39:51.066  INFO 15180 --- [restartedMain] s.d.s.w.s.ApiListingReferenceScanner     : Scanning for api listing references
2022-11-04 13:39:51.181  INFO 15180 --- [restartedMain] p.a.quizapp.QuizappApplication           : Started QuizappApplication in 2.952 seconds (JVM running for 3.791)
2022-11-04 13:40:26.148  INFO 15180 --- [http-nio-8080-exec-1] o.a.c.c.C.[Tomcat].[localhost].[/]       : Initializing Spring DispatcherServlet 'dispatcherServlet'
2022-11-04 13:40:26.149  INFO 15180 --- [http-nio-8080-exec-1] o.s.web.servlet.DispatcherServlet        : Initializing Servlet 'dispatcherServlet'
2022-11-04 13:40:26.150  INFO 15180 --- [http-nio-8080-exec-1] o.s.web.servlet.DispatcherServlet        : Completed initialization in 1 ms
2022-11-04 13:40:27.071  INFO 15180 --- [http-nio-8080-exec-1] p.a.quizapp.client.QuizApiClient         : Quiz Api request for single random question was executed successfully.
2022-11-04 13:41:26.197  INFO 15180 --- [http-nio-8080-exec-3] p.a.quizapp.client.QuizApiClient         : Quiz Api request for single random question was executed successfully.
2022-11-04 13:41:30.097  INFO 15180 --- [http-nio-8080-exec-5] p.a.quizapp.client.QuizApiClient         : Quiz Api request for single random question was executed successfully.
2022-11-04 13:41:47.068  INFO 15180 --- [http-nio-8080-exec-6] p.a.quizapp.client.QuizApiClient         : Quiz Api request for single random question was executed successfully.
2022-11-04 13:42:24.045  INFO 15180 --- [http-nio-8080-exec-8] p.a.quizapp.client.QuizApiClient         : Quiz Api request for single random question was executed successfully.
2022-11-04 13:42:53.355  INFO 15180 --- [http-nio-8080-exec-9] p.a.quizapp.client.QuizApiClient         : Quiz Api request for single random question was executed successfully.
2022-11-04 13:42:53.834  INFO 15180 --- [http-nio-8080-exec-10] p.a.quizapp.client.QuizApiClient         : Quiz Api request for single random question was executed successfully.
2022-11-04 13:42:54.397  INFO 15180 --- [http-nio-8080-exec-1] p.a.quizapp.client.QuizApiClient         : Quiz Api request for single random question was executed successfully.
2022-11-04 13:42:54.885  INFO 15180 --- [http-nio-8080-exec-2] p.a.quizapp.client.QuizApiClient         : Quiz Api request for single random question was executed successfully.
2022-11-04 13:42:56.670  INFO 15180 --- [http-nio-8080-exec-3] p.a.quizapp.client.QuizApiClient         : Quiz Api request for single random question was executed successfully.
2022-11-04 13:43:29.401  INFO 15180 --- [http-nio-8080-exec-4] p.a.quizapp.client.QuizApiClient         : Quiz Api request for single random question was executed successfully.
2022-11-04 13:43:49.954  INFO 15180 --- [http-nio-8080-exec-5] p.a.quizapp.client.QuizApiClient         : Quiz Api request for single random question was executed successfully.
2022-11-04 13:44:16.404  INFO 15180 --- [http-nio-8080-exec-6] p.a.quizapp.client.QuizApiClient         : Quiz Api request for single random question was executed successfully.
2022-11-04 13:44:21.546  INFO 15180 --- [http-nio-8080-exec-8] p.a.quizapp.client.QuizApiClient         : Quiz Api request for single random question was executed successfully.
2022-11-04 13:44:56.451  INFO 15180 --- [http-nio-8080-exec-9] p.a.quizapp.client.QuizApiClient         : Quiz Api request for single random question was executed successfully.
2022-11-04 13:45:13.204  INFO 15180 --- [http-nio-8080-exec-1] p.a.quizapp.client.QuizApiClient         : Quiz Api request for single random question was executed successfully.
2022-11-04 13:45:13.211  INFO 15180 --- [http-nio-8080-exec-10] p.a.quizapp.client.QuizApiClient         : Quiz Api request for single random question was executed successfully.
2022-11-04 13:45:35.191  INFO 15180 --- [http-nio-8080-exec-2] p.a.quizapp.client.QuizApiClient         : Quiz Api request for single random question was executed successfully.
2022-11-04 13:46:01.552  INFO 15180 --- [http-nio-8080-exec-4] p.a.quizapp.client.QuizApiClient         : Quiz Api request for single random question was executed successfully.
2022-11-04 13:46:03.998  INFO 15180 --- [http-nio-8080-exec-5] p.a.quizapp.client.QuizApiClient         : Quiz Api request for single random question was executed successfully.
2022-11-04 13:47:14.099  INFO 15180 --- [http-nio-8080-exec-7] p.a.quizapp.client.QuizApiClient         : Quiz Api request for single random question was executed successfully.
2022-11-04 13:47:39.790  INFO 15180 --- [http-nio-8080-exec-9] p.a.quizapp.client.QuizApiClient         : Quiz Api request for single random question was executed successfully.
2022-11-04 13:48:02.578  INFO 15180 --- [http-nio-8080-exec-1] p.a.quizapp.client.QuizApiClient         : Quiz Api request for single random question was executed successfully.
2022-11-04 13:48:09.368  INFO 15180 --- [http-nio-8080-exec-10] p.a.quizapp.client.QuizApiClient         : Quiz Api request for single random question was executed successfully.
2022-11-04 13:48:35.751  INFO 15180 --- [http-nio-8080-exec-3] p.a.quizapp.client.QuizApiClient         : Quiz Api request for single random question was executed successfully.
2022-11-04 13:49:19.009  INFO 15180 --- [http-nio-8080-exec-4] p.a.quizapp.client.QuizApiClient         : Quiz Api request for single random question was executed successfully.
2022-11-04 13:49:25.486  INFO 15180 --- [http-nio-8080-exec-5] p.a.quizapp.client.QuizApiClient         : Quiz Api request for single random question was executed successfully.
2022-11-04 13:50:32.735  INFO 15180 --- [http-nio-8080-exec-7] p.a.quizapp.client.QuizApiClient         : Quiz Api request for single random question was executed successfully.
2022-11-04 13:51:09.667  INFO 15180 --- [http-nio-8080-exec-9] p.a.quizapp.client.QuizApiClient         : Quiz Api request for single random question was executed successfully.
2022-11-04 13:51:36.629  INFO 15180 --- [http-nio-8080-exec-1] p.a.quizapp.client.QuizApiClient         : Quiz Api request for single random question was executed successfully.
2022-11-04 13:52:54.951  INFO 15180 --- [http-nio-8080-exec-2] p.a.quizapp.client.QuizApiClient         : Quiz Api request for single random question was executed successfully.
2022-11-04 13:53:00.475  INFO 15180 --- [http-nio-8080-exec-3] p.a.quizapp.client.QuizApiClient         : Quiz Api request for single random question was executed successfully.
2022-11-04 13:54:16.558  INFO 15180 --- [http-nio-8080-exec-5] p.a.quizapp.client.QuizApiClient         : Quiz Api request for single random question was executed successfully.
2022-11-04 13:54:54.865  INFO 15180 --- [http-nio-8080-exec-7] p.a.quizapp.client.QuizApiClient         : Quiz Api request for single random question was executed successfully.
2022-11-04 13:55:08.006  INFO 15180 --- [http-nio-8080-exec-8] p.a.quizapp.client.QuizApiClient         : Quiz Api request for single random question was executed successfully.
2022-11-04 14:01:55.548 ERROR 15180 --- [http-nio-8080-exec-1] .a.q.e.QuizApiWebserviceExceptionHandler : Quiz Api request for single random question failed

pl.agnieszkachalat.quizapp.client.exception.QuizApiRequestFailedException: Quiz Api request for single random question failed
	at pl.agnieszkachalat.quizapp.client.QuizApiClient.getRandomQuestion(QuizApiClient.java:51) ~[classes/:na]
	at pl.agnieszkachalat.quizapp.service.QuestionService.getRandomQuestion(QuestionService.java:20) ~[classes/:na]
	at pl.agnieszkachalat.quizapp.service.QuestionService$$FastClassBySpringCGLIB$$9011af58.invoke(<generated>) ~[classes/:na]
	at org.springframework.cglib.proxy.MethodProxy.invoke(MethodProxy.java:218) ~[spring-core-5.3.23.jar:5.3.23]
	at org.springframework.aop.framework.CglibAopProxy$CglibMethodInvocation.invokeJoinpoint(CglibAopProxy.java:793) ~[spring-aop-5.3.23.jar:5.3.23]
	at org.springframework.aop.framework.ReflectiveMethodInvocation.proceed(ReflectiveMethodInvocation.java:163) ~[spring-aop-5.3.23.jar:5.3.23]
	at org.springframework.aop.framework.CglibAopProxy$CglibMethodInvocation.proceed(CglibAopProxy.java:763) ~[spring-aop-5.3.23.jar:5.3.23]
	at org.springframework.transaction.interceptor.TransactionInterceptor$1.proceedWithInvocation(TransactionInterceptor.java:123) ~[spring-tx-5.3.23.jar:5.3.23]
	at org.springframework.transaction.interceptor.TransactionAspectSupport.invokeWithinTransaction(TransactionAspectSupport.java:388) ~[spring-tx-5.3.23.jar:5.3.23]
	at org.springframework.transaction.interceptor.TransactionInterceptor.invoke(TransactionInterceptor.java:119) ~[spring-tx-5.3.23.jar:5.3.23]
	at org.springframework.aop.framework.ReflectiveMethodInvocation.proceed(ReflectiveMethodInvocation.java:186) ~[spring-aop-5.3.23.jar:5.3.23]
	at org.springframework.aop.framework.CglibAopProxy$CglibMethodInvocation.proceed(CglibAopProxy.java:763) ~[spring-aop-5.3.23.jar:5.3.23]
	at org.springframework.aop.framework.CglibAopProxy$DynamicAdvisedInterceptor.intercept(CglibAopProxy.java:708) ~[spring-aop-5.3.23.jar:5.3.23]
	at pl.agnieszkachalat.quizapp.service.QuestionService$$EnhancerBySpringCGLIB$$4b3e9106.getRandomQuestion(<generated>) ~[classes/:na]
	at pl.agnieszkachalat.quizapp.webservice.QuizApiWebservice.getRandomQuestion(QuizApiWebservice.java:22) ~[classes/:na]
	at jdk.internal.reflect.GeneratedMethodAccessor51.invoke(Unknown Source) ~[na:na]
	at java.base/jdk.internal.reflect.DelegatingMethodAccessorImpl.invoke(DelegatingMethodAccessorImpl.java:43) ~[na:na]
	at java.base/java.lang.reflect.Method.invoke(Method.java:566) ~[na:na]
	at org.springframework.web.method.support.InvocableHandlerMethod.doInvoke(InvocableHandlerMethod.java:205) ~[spring-web-5.3.23.jar:5.3.23]
	at org.springframework.web.method.support.InvocableHandlerMethod.invokeForRequest(InvocableHandlerMethod.java:150) ~[spring-web-5.3.23.jar:5.3.23]
	at org.springframework.web.servlet.mvc.method.annotation.ServletInvocableHandlerMethod.invokeAndHandle(ServletInvocableHandlerMethod.java:117) ~[spring-webmvc-5.3.23.jar:5.3.23]
	at org.springframework.web.servlet.mvc.method.annotation.RequestMappingHandlerAdapter.invokeHandlerMethod(RequestMappingHandlerAdapter.java:895) ~[spring-webmvc-5.3.23.jar:5.3.23]
	at org.springframework.web.servlet.mvc.method.annotation.RequestMappingHandlerAdapter.handleInternal(RequestMappingHandlerAdapter.java:808) ~[spring-webmvc-5.3.23.jar:5.3.23]
	at org.springframework.web.servlet.mvc.method.AbstractHandlerMethodAdapter.handle(AbstractHandlerMethodAdapter.java:87) ~[spring-webmvc-5.3.23.jar:5.3.23]
	at org.springframework.web.servlet.DispatcherServlet.doDispatch(DispatcherServlet.java:1071) ~[spring-webmvc-5.3.23.jar:5.3.23]
	at org.springframework.web.servlet.DispatcherServlet.doService(DispatcherServlet.java:964) ~[spring-webmvc-5.3.23.jar:5.3.23]
	at org.springframework.web.servlet.FrameworkServlet.processRequest(FrameworkServlet.java:1006) ~[spring-webmvc-5.3.23.jar:5.3.23]
	at org.springframework.web.servlet.FrameworkServlet.doGet(FrameworkServlet.java:898) ~[spring-webmvc-5.3.23.jar:5.3.23]
	at javax.servlet.http.HttpServlet.service(HttpServlet.java:655) ~[tomcat-embed-core-9.0.65.jar:4.0.FR]
	at org.springframework.web.servlet.FrameworkServlet.service(FrameworkServlet.java:883) ~[spring-webmvc-5.3.23.jar:5.3.23]
	at javax.servlet.http.HttpServlet.service(HttpServlet.java:764) ~[tomcat-embed-core-9.0.65.jar:4.0.FR]
	at org.apache.catalina.core.ApplicationFilterChain.internalDoFilter(ApplicationFilterChain.java:227) ~[tomcat-embed-core-9.0.65.jar:9.0.65]
	at org.apache.catalina.core.ApplicationFilterChain.doFilter(ApplicationFilterChain.java:162) ~[tomcat-embed-core-9.0.65.jar:9.0.65]
	at org.apache.tomcat.websocket.server.WsFilter.doFilter(WsFilter.java:53) ~[tomcat-embed-websocket-9.0.65.jar:9.0.65]
	at org.apache.catalina.core.ApplicationFilterChain.internalDoFilter(ApplicationFilterChain.java:189) ~[tomcat-embed-core-9.0.65.jar:9.0.65]
	at org.apache.catalina.core.ApplicationFilterChain.doFilter(ApplicationFilterChain.java:162) ~[tomcat-embed-core-9.0.65.jar:9.0.65]
	at org.springframework.web.filter.RequestContextFilter.doFilterInternal(RequestContextFilter.java:100) ~[spring-web-5.3.23.jar:5.3.23]
	at org.springframework.web.filter.OncePerRequestFilter.doFilter(OncePerRequestFilter.java:117) ~[spring-web-5.3.23.jar:5.3.23]
	at org.apache.catalina.core.ApplicationFilterChain.internalDoFilter(ApplicationFilterChain.java:189) ~[tomcat-embed-core-9.0.65.jar:9.0.65]
	at org.apache.catalina.core.ApplicationFilterChain.doFilter(ApplicationFilterChain.java:162) ~[tomcat-embed-core-9.0.65.jar:9.0.65]
	at org.springframework.web.filter.FormContentFilter.doFilterInternal(FormContentFilter.java:93) ~[spring-web-5.3.23.jar:5.3.23]
	at org.springframework.web.filter.OncePerRequestFilter.doFilter(OncePerRequestFilter.java:117) ~[spring-web-5.3.23.jar:5.3.23]
	at org.apache.catalina.core.ApplicationFilterChain.internalDoFilter(ApplicationFilterChain.java:189) ~[tomcat-embed-core-9.0.65.jar:9.0.65]
	at org.apache.catalina.core.ApplicationFilterChain.doFilter(ApplicationFilterChain.java:162) ~[tomcat-embed-core-9.0.65.jar:9.0.65]
	at org.springframework.web.filter.CharacterEncodingFilter.doFilterInternal(CharacterEncodingFilter.java:201) ~[spring-web-5.3.23.jar:5.3.23]
	at org.springframework.web.filter.OncePerRequestFilter.doFilter(OncePerRequestFilter.java:117) ~[spring-web-5.3.23.jar:5.3.23]
	at org.apache.catalina.core.ApplicationFilterChain.internalDoFilter(ApplicationFilterChain.java:189) ~[tomcat-embed-core-9.0.65.jar:9.0.65]
	at org.apache.catalina.core.ApplicationFilterChain.doFilter(ApplicationFilterChain.java:162) ~[tomcat-embed-core-9.0.65.jar:9.0.65]
	at org.apache.catalina.core.StandardWrapperValve.invoke(StandardWrapperValve.java:197) ~[tomcat-embed-core-9.0.65.jar:9.0.65]
	at org.apache.catalina.core.StandardContextValve.invoke(StandardContextValve.java:97) ~[tomcat-embed-core-9.0.65.jar:9.0.65]
	at org.apache.catalina.authenticator.AuthenticatorBase.invoke(AuthenticatorBase.java:541) ~[tomcat-embed-core-9.0.65.jar:9.0.65]
	at org.apache.catalina.core.StandardHostValve.invoke(StandardHostValve.java:135) ~[tomcat-embed-core-9.0.65.jar:9.0.65]
	at org.apache.catalina.valves.ErrorReportValve.invoke(ErrorReportValve.java:92) ~[tomcat-embed-core-9.0.65.jar:9.0.65]
	at org.apache.catalina.core.StandardEngineValve.invoke(StandardEngineValve.java:78) ~[tomcat-embed-core-9.0.65.jar:9.0.65]
	at org.apache.catalina.connector.CoyoteAdapter.service(CoyoteAdapter.java:360) ~[tomcat-embed-core-9.0.65.jar:9.0.65]
	at org.apache.coyote.http11.Http11Processor.service(Http11Processor.java:399) ~[tomcat-embed-core-9.0.65.jar:9.0.65]
	at org.apache.coyote.AbstractProcessorLight.process(AbstractProcessorLight.java:65) ~[tomcat-embed-core-9.0.65.jar:9.0.65]
	at org.apache.coyote.AbstractProtocol$ConnectionHandler.process(AbstractProtocol.java:890) ~[tomcat-embed-core-9.0.65.jar:9.0.65]
	at org.apache.tomcat.util.net.NioEndpoint$SocketProcessor.doRun(NioEndpoint.java:1789) ~[tomcat-embed-core-9.0.65.jar:9.0.65]
	at org.apache.tomcat.util.net.SocketProcessorBase.run(SocketProcessorBase.java:49) ~[tomcat-embed-core-9.0.65.jar:9.0.65]
	at org.apache.tomcat.util.threads.ThreadPoolExecutor.runWorker(ThreadPoolExecutor.java:1191) ~[tomcat-embed-core-9.0.65.jar:9.0.65]
	at org.apache.tomcat.util.threads.ThreadPoolExecutor$Worker.run(ThreadPoolExecutor.java:659) ~[tomcat-embed-core-9.0.65.jar:9.0.65]
	at org.apache.tomcat.util.threads.TaskThread$WrappingRunnable.run(TaskThread.java:61) ~[tomcat-embed-core-9.0.65.jar:9.0.65]
	at java.base/java.lang.Thread.run(Thread.java:834) ~[na:na]
Caused by: java.io.IOException: Istniejące połączenie zostało gwałtownie zamknięte przez zdalnego hosta
	at java.net.http/jdk.internal.net.http.HttpClientImpl.send(HttpClientImpl.java:565) ~[java.net.http:na]
	at java.net.http/jdk.internal.net.http.HttpClientFacade.send(HttpClientFacade.java:119) ~[java.net.http:na]
	at pl.agnieszkachalat.quizapp.client.QuizApiClient.getRandomQuestion(QuizApiClient.java:33) ~[classes/:na]
	... 63 common frames omitted
Caused by: java.io.IOException: Istniejące połączenie zostało gwałtownie zamknięte przez zdalnego hosta
	at java.base/sun.nio.ch.SocketDispatcher.read0(Native Method) ~[na:na]
	at java.base/sun.nio.ch.SocketDispatcher.read(SocketDispatcher.java:43) ~[na:na]
	at java.base/sun.nio.ch.IOUtil.readIntoNativeBuffer(IOUtil.java:276) ~[na:na]
	at java.base/sun.nio.ch.IOUtil.read(IOUtil.java:233) ~[na:na]
	at java.base/sun.nio.ch.IOUtil.read(IOUtil.java:223) ~[na:na]
	at java.base/sun.nio.ch.SocketChannelImpl.read(SocketChannelImpl.java:358) ~[na:na]
	at java.net.http/jdk.internal.net.http.SocketTube.readAvailable(SocketTube.java:1153) ~[java.net.http:na]
	at java.net.http/jdk.internal.net.http.SocketTube$InternalReadPublisher$InternalReadSubscription.read(SocketTube.java:821) ~[java.net.http:na]
	at java.net.http/jdk.internal.net.http.SocketTube$SocketFlowTask.run(SocketTube.java:175) ~[java.net.http:na]
	at java.net.http/jdk.internal.net.http.common.SequentialScheduler$SchedulableTask.run(SequentialScheduler.java:198) ~[java.net.http:na]
	at java.net.http/jdk.internal.net.http.common.SequentialScheduler.runOrSchedule(SequentialScheduler.java:271) ~[java.net.http:na]
	at java.net.http/jdk.internal.net.http.common.SequentialScheduler.runOrSchedule(SequentialScheduler.java:224) ~[java.net.http:na]
	at java.net.http/jdk.internal.net.http.SocketTube$InternalReadPublisher$InternalReadSubscription.signalReadable(SocketTube.java:763) ~[java.net.http:na]
	at java.net.http/jdk.internal.net.http.SocketTube$InternalReadPublisher$ReadEvent.signalEvent(SocketTube.java:941) ~[java.net.http:na]
	at java.net.http/jdk.internal.net.http.SocketTube$SocketFlowEvent.handle(SocketTube.java:245) ~[java.net.http:na]
	at java.net.http/jdk.internal.net.http.HttpClientImpl$SelectorManager.handleEvent(HttpClientImpl.java:957) ~[java.net.http:na]
	at java.net.http/jdk.internal.net.http.HttpClientImpl$SelectorManager.lambda$run$3(HttpClientImpl.java:912) ~[java.net.http:na]
	at java.base/java.util.ArrayList.forEach(ArrayList.java:1541) ~[na:na]
	at java.net.http/jdk.internal.net.http.HttpClientImpl$SelectorManager.run(HttpClientImpl.java:912) ~[java.net.http:na]

2022-11-04 14:01:55.555  WARN 15180 --- [http-nio-8080-exec-1] .m.m.a.ExceptionHandlerExceptionResolver : Resolved [pl.agnieszkachalat.quizapp.client.exception.QuizApiRequestFailedException: Quiz Api request for single random question failed]
2022-11-04 14:02:01.849  INFO 15180 --- [http-nio-8080-exec-10] p.a.quizapp.client.QuizApiClient         : Quiz Api request for single random question was executed successfully.
2022-11-04 14:02:58.536  INFO 15180 --- [http-nio-8080-exec-2] p.a.quizapp.client.QuizApiClient         : Quiz Api request for single random question was executed successfully.
2022-11-04 14:03:02.593  INFO 15180 --- [http-nio-8080-exec-3] p.a.quizapp.client.QuizApiClient         : Quiz Api request for single random question was executed successfully.
2022-11-04 14:03:47.637  INFO 15180 --- [http-nio-8080-exec-4] p.a.quizapp.client.QuizApiClient         : Quiz Api request for single random question was executed successfully.
2022-11-04 14:06:11.242  INFO 15180 --- [http-nio-8080-exec-6] p.a.quizapp.client.QuizApiClient         : Quiz Api request for single random question was executed successfully.
2022-11-04 14:10:04.974  INFO 15180 --- [http-nio-8080-exec-8] p.a.quizapp.client.QuizApiClient         : Quiz Api request for single random question was executed successfully.
2022-11-04 14:10:26.543  INFO 15180 --- [http-nio-8080-exec-1] p.a.quizapp.client.QuizApiClient         : Quiz Api request for single random question was executed successfully.
2022-11-04 14:11:58.275  INFO 15180 --- [http-nio-8080-exec-2] p.a.quizapp.client.QuizApiClient         : Quiz Api request for single random question was executed successfully.
2022-11-04 14:13:59.361  INFO 15180 --- [http-nio-8080-exec-4] p.a.quizapp.client.QuizApiClient         : Quiz Api request for single random question was executed successfully.
2022-11-04 14:15:21.381  INFO 15180 --- [SpringApplicationShutdownHook] j.LocalContainerEntityManagerFactoryBean : Closing JPA EntityManagerFactory for persistence unit 'default'
2022-11-04 14:15:21.381  INFO 15180 --- [SpringApplicationShutdownHook] .SchemaDropperImpl$DelayedDropActionImpl : HHH000477: Starting delayed evictData of schema as part of SessionFactory shut-down'
2022-11-04 14:15:21.602  WARN 15180 --- [SpringApplicationShutdownHook] o.s.b.f.support.DisposableBeanAdapter    : Invocation of destroy method failed on bean with name 'inMemoryDatabaseShutdownExecutor': org.h2.jdbc.JdbcSQLNonTransientConnectionException: Baza danych jest już zamknięta (aby zablokować samoczynne zamykanie podczas zamknięcia VM dodaj ";DB_CLOSE_ON_EXIT=FALSE" do URL bazy danych)
Database is already closed (to disable automatic closing at VM shutdown, add ";DB_CLOSE_ON_EXIT=FALSE" to the db URL) [90121-214]
2022-11-04 14:15:21.602  INFO 15180 --- [SpringApplicationShutdownHook] com.zaxxer.hikari.HikariDataSource       : HikariPool-1 - Shutdown initiated...
2022-11-04 14:15:21.604  INFO 15180 --- [SpringApplicationShutdownHook] com.zaxxer.hikari.HikariDataSource       : HikariPool-1 - Shutdown completed.
