2022-10-12 20:17:44.173  INFO 24508 --- [restartedMain] p.a.quizapp.QuizappApplication           : Starting QuizappApplication using Java 11.0.16.1 on LAPTOP-NSH6U059 with PID 24508 (C:\Users\48530\OneDrive\Dokumenty\NetBeansProjects\quizAppServer\target\classes started by 48530 in C:\Users\48530\OneDrive\Dokumenty\NetBeansProjects\quizAppServer)
2022-10-12 20:17:44.178  INFO 24508 --- [restartedMain] p.a.quizapp.QuizappApplication           : No active profile set, falling back to 1 default profile: "default"
2022-10-12 20:17:44.230  INFO 24508 --- [restartedMain] .e.DevToolsPropertyDefaultsPostProcessor : Devtools property defaults active! Set 'spring.devtools.add-properties' to 'false' to disable
2022-10-12 20:17:44.230  INFO 24508 --- [restartedMain] .e.DevToolsPropertyDefaultsPostProcessor : For additional web related logging consider setting the 'logging.level.web' property to 'DEBUG'
2022-10-12 20:17:44.886  INFO 24508 --- [restartedMain] .s.d.r.c.RepositoryConfigurationDelegate : Bootstrapping Spring Data JPA repositories in DEFAULT mode.
2022-10-12 20:17:44.909  INFO 24508 --- [restartedMain] .s.d.r.c.RepositoryConfigurationDelegate : Finished Spring Data repository scanning in 12 ms. Found 0 JPA repository interfaces.
2022-10-12 20:17:45.600  INFO 24508 --- [restartedMain] o.s.b.w.embedded.tomcat.TomcatWebServer  : Tomcat initialized with port(s): 8080 (http)
2022-10-12 20:17:45.609  INFO 24508 --- [restartedMain] o.apache.catalina.core.StandardService   : Starting service [Tomcat]
2022-10-12 20:17:45.609  INFO 24508 --- [restartedMain] org.apache.catalina.core.StandardEngine  : Starting Servlet engine: [Apache Tomcat/9.0.65]
2022-10-12 20:17:46.800  INFO 24508 --- [restartedMain] o.a.c.c.C.[Tomcat].[localhost].[/]       : Initializing Spring embedded WebApplicationContext
2022-10-12 20:17:46.801  INFO 24508 --- [restartedMain] w.s.c.ServletWebServerApplicationContext : Root WebApplicationContext: initialization completed in 2570 ms
2022-10-12 20:17:46.825  INFO 24508 --- [restartedMain] com.zaxxer.hikari.HikariDataSource       : HikariPool-1 - Starting...
2022-10-12 20:17:47.005  INFO 24508 --- [restartedMain] com.zaxxer.hikari.HikariDataSource       : HikariPool-1 - Start completed.
2022-10-12 20:17:47.015  INFO 24508 --- [restartedMain] o.s.b.a.h2.H2ConsoleAutoConfiguration    : H2 console available at '/h2-console'. Database available at 'jdbc:h2:mem:f4f37dc1-1acf-4d5a-abb8-cde24e289bf1'
2022-10-12 20:17:47.173  INFO 24508 --- [restartedMain] o.hibernate.jpa.internal.util.LogHelper  : HHH000204: Processing PersistenceUnitInfo [name: default]
2022-10-12 20:17:47.216  INFO 24508 --- [restartedMain] org.hibernate.Version                    : HHH000412: Hibernate ORM core version 5.6.11.Final
2022-10-12 20:17:47.360  INFO 24508 --- [restartedMain] o.hibernate.annotations.common.Version   : HCANN000001: Hibernate Commons Annotations {5.1.2.Final}
2022-10-12 20:17:47.480  INFO 24508 --- [restartedMain] org.hibernate.dialect.Dialect            : HHH000400: Using dialect: org.hibernate.dialect.H2Dialect
2022-10-12 20:17:47.674  INFO 24508 --- [restartedMain] o.h.e.t.j.p.i.JtaPlatformInitiator       : HHH000490: Using JtaPlatform implementation: [org.hibernate.engine.transaction.jta.platform.internal.NoJtaPlatform]
2022-10-12 20:17:47.682  INFO 24508 --- [restartedMain] j.LocalContainerEntityManagerFactoryBean : Initialized JPA EntityManagerFactory for persistence unit 'default'
2022-10-12 20:17:48.094  WARN 24508 --- [restartedMain] JpaBaseConfiguration$JpaWebConfiguration : spring.jpa.open-in-view is enabled by default. Therefore, database queries may be performed during view rendering. Explicitly configure spring.jpa.open-in-view to disable this warning
2022-10-12 20:17:48.248  INFO 24508 --- [restartedMain] pertySourcedRequestMappingHandlerMapping : Mapped URL path [/v2/api-docs] onto method [springfox.documentation.swagger2.web.Swagger2Controller#getDocumentation(String, HttpServletRequest)]
2022-10-12 20:17:48.395  INFO 24508 --- [restartedMain] o.s.b.d.a.OptionalLiveReloadServer       : LiveReload server is running on port 35729
2022-10-12 20:17:48.587  INFO 24508 --- [restartedMain] o.s.b.w.embedded.tomcat.TomcatWebServer  : Tomcat started on port(s): 8080 (http) with context path ''
2022-10-12 20:17:48.588  INFO 24508 --- [restartedMain] d.s.w.p.DocumentationPluginsBootstrapper : Context refreshed
2022-10-12 20:17:48.611  INFO 24508 --- [restartedMain] d.s.w.p.DocumentationPluginsBootstrapper : Found 1 custom documentation plugin(s)
2022-10-12 20:17:48.637  INFO 24508 --- [restartedMain] s.d.s.w.s.ApiListingReferenceScanner     : Scanning for api listing references
2022-10-12 20:17:48.786  INFO 24508 --- [restartedMain] p.a.quizapp.QuizappApplication           : Started QuizappApplication in 4.954 seconds (JVM running for 7.503)
2022-10-12 20:18:13.938  INFO 24508 --- [http-nio-8080-exec-1] o.a.c.c.C.[Tomcat].[localhost].[/]       : Initializing Spring DispatcherServlet 'dispatcherServlet'
2022-10-12 20:18:13.939  INFO 24508 --- [http-nio-8080-exec-1] o.s.web.servlet.DispatcherServlet        : Initializing Servlet 'dispatcherServlet'
2022-10-12 20:18:13.940  INFO 24508 --- [http-nio-8080-exec-1] o.s.web.servlet.DispatcherServlet        : Completed initialization in 1 ms
2022-10-12 20:19:12.462  INFO 24508 --- [http-nio-8080-exec-4] p.a.quizapp.client.QuizApiClient         : Quiz Api request for single random question was executed successfully.
2022-10-12 20:19:23.720  INFO 24508 --- [http-nio-8080-exec-7] p.a.quizapp.client.QuizApiClient         : Quiz Api request for single random question was executed successfully.
2022-10-12 20:19:26.129  INFO 24508 --- [http-nio-8080-exec-8] p.a.quizapp.client.QuizApiClient         : Quiz Api request for single random question was executed successfully.
2022-10-12 20:19:27.035  INFO 24508 --- [http-nio-8080-exec-9] p.a.quizapp.client.QuizApiClient         : Quiz Api request for single random question was executed successfully.
2022-10-12 20:19:28.460  INFO 24508 --- [http-nio-8080-exec-10] p.a.quizapp.client.QuizApiClient         : Quiz Api request for single random question was executed successfully.
2022-10-12 20:43:30.248  INFO 13716 --- [restartedMain] p.a.quizapp.QuizappApplication           : Starting QuizappApplication using Java 11.0.16.1 on LAPTOP-NSH6U059 with PID 13716 (C:\Users\48530\OneDrive\Dokumenty\NetBeansProjects\quizAppServer\target\classes started by 48530 in C:\Users\48530\OneDrive\Dokumenty\NetBeansProjects\quizAppServer)
2022-10-12 20:43:30.249  INFO 13716 --- [restartedMain] p.a.quizapp.QuizappApplication           : No active profile set, falling back to 1 default profile: "default"
2022-10-12 20:43:30.295  INFO 13716 --- [restartedMain] .e.DevToolsPropertyDefaultsPostProcessor : Devtools property defaults active! Set 'spring.devtools.add-properties' to 'false' to disable
2022-10-12 20:43:30.295  INFO 13716 --- [restartedMain] .e.DevToolsPropertyDefaultsPostProcessor : For additional web related logging consider setting the 'logging.level.web' property to 'DEBUG'
2022-10-12 20:43:30.936  INFO 13716 --- [restartedMain] .s.d.r.c.RepositoryConfigurationDelegate : Bootstrapping Spring Data JPA repositories in DEFAULT mode.
2022-10-12 20:43:30.957  INFO 13716 --- [restartedMain] .s.d.r.c.RepositoryConfigurationDelegate : Finished Spring Data repository scanning in 13 ms. Found 0 JPA repository interfaces.
2022-10-12 20:43:31.606  INFO 13716 --- [restartedMain] o.s.b.w.embedded.tomcat.TomcatWebServer  : Tomcat initialized with port(s): 8080 (http)
2022-10-12 20:43:31.616  INFO 13716 --- [restartedMain] o.apache.catalina.core.StandardService   : Starting service [Tomcat]
2022-10-12 20:43:31.617  INFO 13716 --- [restartedMain] org.apache.catalina.core.StandardEngine  : Starting Servlet engine: [Apache Tomcat/9.0.65]
2022-10-12 20:43:31.777  INFO 13716 --- [restartedMain] o.a.c.c.C.[Tomcat].[localhost].[/]       : Initializing Spring embedded WebApplicationContext
2022-10-12 20:43:31.777  INFO 13716 --- [restartedMain] w.s.c.ServletWebServerApplicationContext : Root WebApplicationContext: initialization completed in 1481 ms
2022-10-12 20:43:31.804  INFO 13716 --- [restartedMain] com.zaxxer.hikari.HikariDataSource       : HikariPool-1 - Starting...
2022-10-12 20:43:32.003  INFO 13716 --- [restartedMain] com.zaxxer.hikari.HikariDataSource       : HikariPool-1 - Start completed.
2022-10-12 20:43:32.014  INFO 13716 --- [restartedMain] o.s.b.a.h2.H2ConsoleAutoConfiguration    : H2 console available at '/h2-console'. Database available at 'jdbc:h2:mem:8d267b60-b3ad-4732-9005-98087f0787b1'
2022-10-12 20:43:32.183  INFO 13716 --- [restartedMain] o.hibernate.jpa.internal.util.LogHelper  : HHH000204: Processing PersistenceUnitInfo [name: default]
2022-10-12 20:43:32.234  INFO 13716 --- [restartedMain] org.hibernate.Version                    : HHH000412: Hibernate ORM core version 5.6.11.Final
2022-10-12 20:43:32.363  INFO 13716 --- [restartedMain] o.hibernate.annotations.common.Version   : HCANN000001: Hibernate Commons Annotations {5.1.2.Final}
2022-10-12 20:43:32.467  INFO 13716 --- [restartedMain] org.hibernate.dialect.Dialect            : HHH000400: Using dialect: org.hibernate.dialect.H2Dialect
2022-10-12 20:43:32.638  INFO 13716 --- [restartedMain] o.h.e.t.j.p.i.JtaPlatformInitiator       : HHH000490: Using JtaPlatform implementation: [org.hibernate.engine.transaction.jta.platform.internal.NoJtaPlatform]
2022-10-12 20:43:32.646  INFO 13716 --- [restartedMain] j.LocalContainerEntityManagerFactoryBean : Initialized JPA EntityManagerFactory for persistence unit 'default'
2022-10-12 20:43:33.007  WARN 13716 --- [restartedMain] JpaBaseConfiguration$JpaWebConfiguration : spring.jpa.open-in-view is enabled by default. Therefore, database queries may be performed during view rendering. Explicitly configure spring.jpa.open-in-view to disable this warning
2022-10-12 20:43:33.158  INFO 13716 --- [restartedMain] pertySourcedRequestMappingHandlerMapping : Mapped URL path [/v2/api-docs] onto method [springfox.documentation.swagger2.web.Swagger2Controller#getDocumentation(String, HttpServletRequest)]
2022-10-12 20:43:33.307  INFO 13716 --- [restartedMain] o.s.b.d.a.OptionalLiveReloadServer       : LiveReload server is running on port 35729
2022-10-12 20:43:33.547  INFO 13716 --- [restartedMain] o.s.b.w.embedded.tomcat.TomcatWebServer  : Tomcat started on port(s): 8080 (http) with context path ''
2022-10-12 20:43:33.549  INFO 13716 --- [restartedMain] d.s.w.p.DocumentationPluginsBootstrapper : Context refreshed
2022-10-12 20:43:33.574  INFO 13716 --- [restartedMain] d.s.w.p.DocumentationPluginsBootstrapper : Found 1 custom documentation plugin(s)
2022-10-12 20:43:33.605  INFO 13716 --- [restartedMain] s.d.s.w.s.ApiListingReferenceScanner     : Scanning for api listing references
2022-10-12 20:43:33.766  INFO 13716 --- [restartedMain] p.a.quizapp.QuizappApplication           : Started QuizappApplication in 3.841 seconds (JVM running for 4.34)
2022-10-12 20:44:01.758  INFO 13716 --- [http-nio-8080-exec-1] o.a.c.c.C.[Tomcat].[localhost].[/]       : Initializing Spring DispatcherServlet 'dispatcherServlet'
2022-10-12 20:44:01.759  INFO 13716 --- [http-nio-8080-exec-1] o.s.web.servlet.DispatcherServlet        : Initializing Servlet 'dispatcherServlet'
2022-10-12 20:44:01.760  INFO 13716 --- [http-nio-8080-exec-1] o.s.web.servlet.DispatcherServlet        : Completed initialization in 1 ms
2022-10-12 20:44:02.440  INFO 13716 --- [http-nio-8080-exec-1] p.a.quizapp.client.QuizApiClient         : Quiz Api request for single random question was executed successfully.
2022-10-12 20:44:38.778  INFO 13716 --- [http-nio-8080-exec-2] p.a.quizapp.client.QuizApiClient         : Quiz Api request for single random question was executed successfully.
2022-10-12 20:44:43.473  INFO 13716 --- [http-nio-8080-exec-3] p.a.quizapp.client.QuizApiClient         : Quiz Api request for single random question was executed successfully.
2022-10-12 20:45:36.157  INFO 13716 --- [http-nio-8080-exec-4] p.a.quizapp.client.QuizApiClient         : Quiz Api request for single random question was executed successfully.
2022-10-12 20:48:06.287  INFO 13716 --- [http-nio-8080-exec-6] p.a.quizapp.client.QuizApiClient         : Quiz Api request for single random question was executed successfully.
2022-10-12 20:49:02.396  INFO 13716 --- [http-nio-8080-exec-7] p.a.quizapp.client.QuizApiClient         : Quiz Api request for single random question was executed successfully.
2022-10-12 20:51:13.310  INFO 13716 --- [http-nio-8080-exec-9] p.a.quizapp.client.QuizApiClient         : Quiz Api request for single random question was executed successfully.
2022-10-12 20:51:29.898  INFO 13716 --- [http-nio-8080-exec-10] p.a.quizapp.client.QuizApiClient         : Quiz Api request for single random question was executed successfully.
2022-10-12 20:51:47.697  INFO 13716 --- [http-nio-8080-exec-1] p.a.quizapp.client.QuizApiClient         : Quiz Api request for single random question was executed successfully.
2022-10-12 20:52:52.738  INFO 13716 --- [http-nio-8080-exec-3] p.a.quizapp.client.QuizApiClient         : Quiz Api request for single random question was executed successfully.
2022-10-12 20:55:28.673  INFO 13716 --- [http-nio-8080-exec-5] p.a.quizapp.client.QuizApiClient         : Quiz Api request for single random question was executed successfully.
2022-10-12 20:55:37.466  INFO 13716 --- [http-nio-8080-exec-6] p.a.quizapp.client.QuizApiClient         : Quiz Api request for single random question was executed successfully.
2022-10-12 20:55:43.203  INFO 13716 --- [http-nio-8080-exec-7] p.a.quizapp.client.QuizApiClient         : Quiz Api request for single random question was executed successfully.
2022-10-12 20:58:25.070  INFO 13716 --- [http-nio-8080-exec-9] p.a.quizapp.client.QuizApiClient         : Quiz Api request for single random question was executed successfully.
2022-10-12 20:58:36.847  INFO 13716 --- [http-nio-8080-exec-10] p.a.quizapp.client.QuizApiClient         : Quiz Api request for single random question was executed successfully.
2022-10-12 20:59:17.886  INFO 13716 --- [http-nio-8080-exec-1] p.a.quizapp.client.QuizApiClient         : Quiz Api request for single random question was executed successfully.
2022-10-12 21:01:16.496  INFO 13716 --- [http-nio-8080-exec-3] p.a.quizapp.client.QuizApiClient         : Quiz Api request for single random question was executed successfully.
2022-10-12 21:01:29.120  INFO 13716 --- [http-nio-8080-exec-4] p.a.quizapp.client.QuizApiClient         : Quiz Api request for single random question was executed successfully.
2022-10-12 21:02:48.276  INFO 13716 --- [http-nio-8080-exec-6] p.a.quizapp.client.QuizApiClient         : Quiz Api request for single random question was executed successfully.
2022-10-12 21:03:27.020  INFO 13716 --- [http-nio-8080-exec-7] p.a.quizapp.client.QuizApiClient         : Quiz Api request for single random question was executed successfully.
2022-10-12 21:05:02.682  INFO 13716 --- [http-nio-8080-exec-9] p.a.quizapp.client.QuizApiClient         : Quiz Api request for single random question was executed successfully.
2022-10-12 21:05:31.610  INFO 13716 --- [http-nio-8080-exec-10] p.a.quizapp.client.QuizApiClient         : Quiz Api request for single random question was executed successfully.
2022-10-12 21:06:18.174  INFO 13716 --- [http-nio-8080-exec-1] p.a.quizapp.client.QuizApiClient         : Quiz Api request for single random question was executed successfully.
2022-10-12 21:07:01.670  INFO 13716 --- [http-nio-8080-exec-2] p.a.quizapp.client.QuizApiClient         : Quiz Api request for single random question was executed successfully.
2022-10-12 21:08:41.265  INFO 13716 --- [http-nio-8080-exec-4] p.a.quizapp.client.QuizApiClient         : Quiz Api request for single random question was executed successfully.
2022-10-12 21:08:46.127  INFO 13716 --- [http-nio-8080-exec-5] p.a.quizapp.client.QuizApiClient         : Quiz Api request for single random question was executed successfully.
2022-10-12 21:09:47.632  INFO 13716 --- [http-nio-8080-exec-7] p.a.quizapp.client.QuizApiClient         : Quiz Api request for single random question was executed successfully.
2022-10-12 21:09:52.657  INFO 13716 --- [http-nio-8080-exec-8] p.a.quizapp.client.QuizApiClient         : Quiz Api request for single random question was executed successfully.
2022-10-12 21:09:53.616  INFO 13716 --- [http-nio-8080-exec-9] p.a.quizapp.client.QuizApiClient         : Quiz Api request for single random question was executed successfully.
2022-10-12 21:09:54.525  INFO 13716 --- [http-nio-8080-exec-10] p.a.quizapp.client.QuizApiClient         : Quiz Api request for single random question was executed successfully.
2022-10-12 21:09:55.489  INFO 13716 --- [http-nio-8080-exec-1] p.a.quizapp.client.QuizApiClient         : Quiz Api request for single random question was executed successfully.
2022-10-12 21:11:19.137  INFO 13716 --- [http-nio-8080-exec-3] p.a.quizapp.client.QuizApiClient         : Quiz Api request for single random question was executed successfully.
2022-10-12 21:13:15.357  INFO 13716 --- [http-nio-8080-exec-5] p.a.quizapp.client.QuizApiClient         : Quiz Api request for single random question was executed successfully.
2022-10-12 21:13:20.933  INFO 13716 --- [http-nio-8080-exec-6] p.a.quizapp.client.QuizApiClient         : Quiz Api request for single random question was executed successfully.
2022-10-12 21:15:45.153  INFO 13716 --- [http-nio-8080-exec-8] p.a.quizapp.client.QuizApiClient         : Quiz Api request for single random question was executed successfully.
2022-10-12 21:15:55.628  INFO 13716 --- [http-nio-8080-exec-9] p.a.quizapp.client.QuizApiClient         : Quiz Api request for single random question was executed successfully.
2022-10-12 21:16:00.000  INFO 13716 --- [http-nio-8080-exec-10] p.a.quizapp.client.QuizApiClient         : Quiz Api request for single random question was executed successfully.
2022-10-12 21:16:20.859  INFO 13716 --- [http-nio-8080-exec-1] p.a.quizapp.client.QuizApiClient         : Quiz Api request for single random question was executed successfully.
2022-10-12 21:16:23.651  INFO 13716 --- [http-nio-8080-exec-2] p.a.quizapp.client.QuizApiClient         : Quiz Api request for single random question was executed successfully.
2022-10-12 21:16:27.754  INFO 13716 --- [http-nio-8080-exec-3] p.a.quizapp.client.QuizApiClient         : Quiz Api request for single random question was executed successfully.
2022-10-12 21:16:29.380  INFO 13716 --- [http-nio-8080-exec-4] p.a.quizapp.client.QuizApiClient         : Quiz Api request for single random question was executed successfully.
2022-10-12 21:16:38.954  INFO 13716 --- [http-nio-8080-exec-5] p.a.quizapp.client.QuizApiClient         : Quiz Api request for single random question was executed successfully.
2022-10-12 21:16:41.749  INFO 13716 --- [http-nio-8080-exec-6] p.a.quizapp.client.QuizApiClient         : Quiz Api request for single random question was executed successfully.
2022-10-12 21:16:43.177  INFO 13716 --- [http-nio-8080-exec-7] p.a.quizapp.client.QuizApiClient         : Quiz Api request for single random question was executed successfully.
2022-10-12 21:16:55.963  INFO 13716 --- [http-nio-8080-exec-8] p.a.quizapp.client.QuizApiClient         : Quiz Api request for single random question was executed successfully.
2022-10-12 21:16:58.977  INFO 13716 --- [http-nio-8080-exec-9] p.a.quizapp.client.QuizApiClient         : Quiz Api request for single random question was executed successfully.
2022-10-12 21:17:00.668  INFO 13716 --- [http-nio-8080-exec-10] p.a.quizapp.client.QuizApiClient         : Quiz Api request for single random question was executed successfully.
2022-10-12 21:17:03.147  INFO 13716 --- [http-nio-8080-exec-1] p.a.quizapp.client.QuizApiClient         : Quiz Api request for single random question was executed successfully.
2022-10-12 21:17:11.396  INFO 13716 --- [http-nio-8080-exec-2] p.a.quizapp.client.QuizApiClient         : Quiz Api request for single random question was executed successfully.
2022-10-12 21:17:13.076  INFO 13716 --- [http-nio-8080-exec-3] p.a.quizapp.client.QuizApiClient         : Quiz Api request for single random question was executed successfully.
2022-10-12 21:17:15.430  INFO 13716 --- [http-nio-8080-exec-4] p.a.quizapp.client.QuizApiClient         : Quiz Api request for single random question was executed successfully.
2022-10-12 21:17:16.548  INFO 13716 --- [http-nio-8080-exec-5] p.a.quizapp.client.QuizApiClient         : Quiz Api request for single random question was executed successfully.
2022-10-12 21:17:17.598  INFO 13716 --- [http-nio-8080-exec-6] p.a.quizapp.client.QuizApiClient         : Quiz Api request for single random question was executed successfully.
2022-10-12 21:17:18.473  INFO 13716 --- [http-nio-8080-exec-7] p.a.quizapp.client.QuizApiClient         : Quiz Api request for single random question was executed successfully.
2022-10-12 21:17:19.271  INFO 13716 --- [http-nio-8080-exec-8] p.a.quizapp.client.QuizApiClient         : Quiz Api request for single random question was executed successfully.
2022-10-12 21:17:20.209  INFO 13716 --- [http-nio-8080-exec-9] p.a.quizapp.client.QuizApiClient         : Quiz Api request for single random question was executed successfully.
2022-10-12 21:17:21.348  INFO 13716 --- [http-nio-8080-exec-10] p.a.quizapp.client.QuizApiClient         : Quiz Api request for single random question was executed successfully.
2022-10-12 21:17:22.064  INFO 13716 --- [http-nio-8080-exec-1] p.a.quizapp.client.QuizApiClient         : Quiz Api request for single random question was executed successfully.
2022-10-12 21:17:22.647  INFO 13716 --- [http-nio-8080-exec-2] p.a.quizapp.client.QuizApiClient         : Quiz Api request for single random question was executed successfully.
