2022-09-29 21:12:34.818  INFO 14384 --- [main] p.a.quizapp.client.QuizApiClientTest     : Starting QuizApiClientTest using Java 11.0.16.1 on LAPTOP-NSH6U059 with PID 14384 (started by 48530 in C:\Users\48530\OneDrive\Dokumenty\NetBeansProjects\quizAppServer)
2022-09-29 21:12:34.819  INFO 14384 --- [main] p.a.quizapp.client.QuizApiClientTest     : No active profile set, falling back to 1 default profile: "default"
2022-09-29 21:12:35.410  INFO 14384 --- [main] .s.d.r.c.RepositoryConfigurationDelegate : Bootstrapping Spring Data JPA repositories in DEFAULT mode.
2022-09-29 21:12:35.431  INFO 14384 --- [main] .s.d.r.c.RepositoryConfigurationDelegate : Finished Spring Data repository scanning in 12 ms. Found 0 JPA repository interfaces.
2022-09-29 21:12:36.185  INFO 14384 --- [main] com.zaxxer.hikari.HikariDataSource       : HikariPool-1 - Starting...
2022-09-29 21:12:36.473  INFO 14384 --- [main] com.zaxxer.hikari.HikariDataSource       : HikariPool-1 - Start completed.
2022-09-29 21:12:36.559  INFO 14384 --- [main] o.hibernate.jpa.internal.util.LogHelper  : HHH000204: Processing PersistenceUnitInfo [name: default]
2022-09-29 21:12:36.631  INFO 14384 --- [main] org.hibernate.Version                    : HHH000412: Hibernate ORM core version 5.6.11.Final
2022-09-29 21:12:36.860  INFO 14384 --- [main] o.hibernate.annotations.common.Version   : HCANN000001: Hibernate Commons Annotations {5.1.2.Final}
2022-09-29 21:12:37.009  INFO 14384 --- [main] org.hibernate.dialect.Dialect            : HHH000400: Using dialect: org.hibernate.dialect.H2Dialect
2022-09-29 21:12:37.248  INFO 14384 --- [main] o.h.e.t.j.p.i.JtaPlatformInitiator       : HHH000490: Using JtaPlatform implementation: [org.hibernate.engine.transaction.jta.platform.internal.NoJtaPlatform]
2022-09-29 21:12:37.259  INFO 14384 --- [main] j.LocalContainerEntityManagerFactoryBean : Initialized JPA EntityManagerFactory for persistence unit 'default'
2022-09-29 21:12:37.763  WARN 14384 --- [main] JpaBaseConfiguration$JpaWebConfiguration : spring.jpa.open-in-view is enabled by default. Therefore, database queries may be performed during view rendering. Explicitly configure spring.jpa.open-in-view to disable this warning
2022-09-29 21:12:38.597  INFO 14384 --- [main] p.a.quizapp.client.QuizApiClientTest     : Started QuizApiClientTest in 4.136 seconds (JVM running for 6.265)
2022-09-29 21:12:39.061  INFO 14384 --- [main] .b.t.c.SpringBootTestContextBootstrapper : Neither @ContextConfiguration nor @ContextHierarchy found for test class [pl.agnieszkachalat.quizapp.QuizappApplicationTests], using SpringBootContextLoader
2022-09-29 21:12:39.061  INFO 14384 --- [main] o.s.t.c.support.AbstractContextLoader    : Could not detect default resource locations for test class [pl.agnieszkachalat.quizapp.QuizappApplicationTests]: no resource found for suffixes {-context.xml, Context.groovy}.
2022-09-29 21:12:39.062  INFO 14384 --- [main] t.c.s.AnnotationConfigContextLoaderUtils : Could not detect default configuration classes for test class [pl.agnieszkachalat.quizapp.QuizappApplicationTests]: QuizappApplicationTests does not declare any static, non-private, non-final, nested classes annotated with @Configuration.
2022-09-29 21:12:39.068  INFO 14384 --- [main] .b.t.c.SpringBootTestContextBootstrapper : Found @SpringBootConfiguration pl.agnieszkachalat.quizapp.QuizappApplication for test class pl.agnieszkachalat.quizapp.QuizappApplicationTests
2022-09-29 21:12:39.071  INFO 14384 --- [main] .b.t.c.SpringBootTestContextBootstrapper : Loaded default TestExecutionListener class names from location [META-INF/spring.factories]: [org.springframework.boot.test.mock.mockito.MockitoTestExecutionListener, org.springframework.boot.test.mock.mockito.ResetMocksTestExecutionListener, org.springframework.boot.test.autoconfigure.restdocs.RestDocsTestExecutionListener, org.springframework.boot.test.autoconfigure.web.client.MockRestServiceServerResetTestExecutionListener, org.springframework.boot.test.autoconfigure.web.servlet.MockMvcPrintOnlyOnFailureTestExecutionListener, org.springframework.boot.test.autoconfigure.web.servlet.WebDriverTestExecutionListener, org.springframework.boot.test.autoconfigure.webservices.client.MockWebServiceServerTestExecutionListener, org.springframework.test.context.web.ServletTestExecutionListener, org.springframework.test.context.support.DirtiesContextBeforeModesTestExecutionListener, org.springframework.test.context.event.ApplicationEventsTestExecutionListener, org.springframework.test.context.support.DependencyInjectionTestExecutionListener, org.springframework.test.context.support.DirtiesContextTestExecutionListener, org.springframework.test.context.transaction.TransactionalTestExecutionListener, org.springframework.test.context.jdbc.SqlScriptsTestExecutionListener, org.springframework.test.context.event.EventPublishingTestExecutionListener]
2022-09-29 21:12:39.072  INFO 14384 --- [main] .b.t.c.SpringBootTestContextBootstrapper : Using TestExecutionListeners: [org.springframework.test.context.web.ServletTestExecutionListener@7676b2b9, org.springframework.test.context.support.DirtiesContextBeforeModesTestExecutionListener@720c0996, org.springframework.test.context.event.ApplicationEventsTestExecutionListener@7910e307, org.springframework.boot.test.mock.mockito.MockitoTestExecutionListener@460aa24e, org.springframework.boot.test.autoconfigure.SpringBootDependencyInjectionTestExecutionListener@5aa334c, org.springframework.test.context.support.DirtiesContextTestExecutionListener@17f8cad6, org.springframework.test.context.transaction.TransactionalTestExecutionListener@698e1bf5, org.springframework.test.context.jdbc.SqlScriptsTestExecutionListener@7a85dc58, org.springframework.test.context.event.EventPublishingTestExecutionListener@2ee1b017, org.springframework.boot.test.mock.mockito.ResetMocksTestExecutionListener@7f9e6167, org.springframework.boot.test.autoconfigure.restdocs.RestDocsTestExecutionListener@66d69cd2, org.springframework.boot.test.autoconfigure.web.client.MockRestServiceServerResetTestExecutionListener@32e5fb4c, org.springframework.boot.test.autoconfigure.web.servlet.MockMvcPrintOnlyOnFailureTestExecutionListener@11a7840f, org.springframework.boot.test.autoconfigure.web.servlet.WebDriverTestExecutionListener@1d3e5a05, org.springframework.boot.test.autoconfigure.webservices.client.MockWebServiceServerTestExecutionListener@4f5c757c]
2022-09-29 21:12:39.115  INFO 14384 --- [SpringApplicationShutdownHook] j.LocalContainerEntityManagerFactoryBean : Closing JPA EntityManagerFactory for persistence unit 'default'
2022-09-29 21:12:39.116  INFO 14384 --- [SpringApplicationShutdownHook] .SchemaDropperImpl$DelayedDropActionImpl : HHH000477: Starting delayed evictData of schema as part of SessionFactory shut-down'
2022-09-29 21:12:39.118  INFO 14384 --- [SpringApplicationShutdownHook] com.zaxxer.hikari.HikariDataSource       : HikariPool-1 - Shutdown initiated...
2022-09-29 21:12:39.121  INFO 14384 --- [SpringApplicationShutdownHook] com.zaxxer.hikari.HikariDataSource       : HikariPool-1 - Shutdown completed.
2022-09-29 21:16:46.553  INFO 1672 --- [main] p.a.quizapp.client.QuizApiClientTest     : Starting QuizApiClientTest using Java 11.0.16.1 on LAPTOP-NSH6U059 with PID 1672 (started by 48530 in C:\Users\48530\OneDrive\Dokumenty\NetBeansProjects\quizAppServer)
2022-09-29 21:16:46.556  INFO 1672 --- [main] p.a.quizapp.client.QuizApiClientTest     : No active profile set, falling back to 1 default profile: "default"
2022-09-29 21:16:47.168  INFO 1672 --- [main] .s.d.r.c.RepositoryConfigurationDelegate : Bootstrapping Spring Data JPA repositories in DEFAULT mode.
2022-09-29 21:16:47.186  INFO 1672 --- [main] .s.d.r.c.RepositoryConfigurationDelegate : Finished Spring Data repository scanning in 10 ms. Found 0 JPA repository interfaces.
2022-09-29 21:16:47.895  INFO 1672 --- [main] com.zaxxer.hikari.HikariDataSource       : HikariPool-1 - Starting...
2022-09-29 21:16:48.132  INFO 1672 --- [main] com.zaxxer.hikari.HikariDataSource       : HikariPool-1 - Start completed.
2022-09-29 21:16:48.224  INFO 1672 --- [main] o.hibernate.jpa.internal.util.LogHelper  : HHH000204: Processing PersistenceUnitInfo [name: default]
2022-09-29 21:16:48.290  INFO 1672 --- [main] org.hibernate.Version                    : HHH000412: Hibernate ORM core version 5.6.11.Final
2022-09-29 21:16:48.514  INFO 1672 --- [main] o.hibernate.annotations.common.Version   : HCANN000001: Hibernate Commons Annotations {5.1.2.Final}
2022-09-29 21:16:48.670  INFO 1672 --- [main] org.hibernate.dialect.Dialect            : HHH000400: Using dialect: org.hibernate.dialect.H2Dialect
2022-09-29 21:16:48.950  INFO 1672 --- [main] o.h.e.t.j.p.i.JtaPlatformInitiator       : HHH000490: Using JtaPlatform implementation: [org.hibernate.engine.transaction.jta.platform.internal.NoJtaPlatform]
2022-09-29 21:16:48.962  INFO 1672 --- [main] j.LocalContainerEntityManagerFactoryBean : Initialized JPA EntityManagerFactory for persistence unit 'default'
2022-09-29 21:16:49.437  WARN 1672 --- [main] JpaBaseConfiguration$JpaWebConfiguration : spring.jpa.open-in-view is enabled by default. Therefore, database queries may be performed during view rendering. Explicitly configure spring.jpa.open-in-view to disable this warning
2022-09-29 21:16:50.244  INFO 1672 --- [main] p.a.quizapp.client.QuizApiClientTest     : Started QuizApiClientTest in 4.078 seconds (JVM running for 5.282)
2022-09-29 21:16:50.714  INFO 1672 --- [main] p.a.quizapp.client.QuizApiClient         : Quiz Api request for single random question was executed successfully.
2022-09-29 21:16:50.791  INFO 1672 --- [main] .b.t.c.SpringBootTestContextBootstrapper : Neither @ContextConfiguration nor @ContextHierarchy found for test class [pl.agnieszkachalat.quizapp.QuizappApplicationTests], using SpringBootContextLoader
2022-09-29 21:16:50.792  INFO 1672 --- [main] o.s.t.c.support.AbstractContextLoader    : Could not detect default resource locations for test class [pl.agnieszkachalat.quizapp.QuizappApplicationTests]: no resource found for suffixes {-context.xml, Context.groovy}.
2022-09-29 21:16:50.793  INFO 1672 --- [main] t.c.s.AnnotationConfigContextLoaderUtils : Could not detect default configuration classes for test class [pl.agnieszkachalat.quizapp.QuizappApplicationTests]: QuizappApplicationTests does not declare any static, non-private, non-final, nested classes annotated with @Configuration.
2022-09-29 21:16:50.798  INFO 1672 --- [main] .b.t.c.SpringBootTestContextBootstrapper : Found @SpringBootConfiguration pl.agnieszkachalat.quizapp.QuizappApplication for test class pl.agnieszkachalat.quizapp.QuizappApplicationTests
2022-09-29 21:16:50.800  INFO 1672 --- [main] .b.t.c.SpringBootTestContextBootstrapper : Loaded default TestExecutionListener class names from location [META-INF/spring.factories]: [org.springframework.boot.test.mock.mockito.MockitoTestExecutionListener, org.springframework.boot.test.mock.mockito.ResetMocksTestExecutionListener, org.springframework.boot.test.autoconfigure.restdocs.RestDocsTestExecutionListener, org.springframework.boot.test.autoconfigure.web.client.MockRestServiceServerResetTestExecutionListener, org.springframework.boot.test.autoconfigure.web.servlet.MockMvcPrintOnlyOnFailureTestExecutionListener, org.springframework.boot.test.autoconfigure.web.servlet.WebDriverTestExecutionListener, org.springframework.boot.test.autoconfigure.webservices.client.MockWebServiceServerTestExecutionListener, org.springframework.test.context.web.ServletTestExecutionListener, org.springframework.test.context.support.DirtiesContextBeforeModesTestExecutionListener, org.springframework.test.context.event.ApplicationEventsTestExecutionListener, org.springframework.test.context.support.DependencyInjectionTestExecutionListener, org.springframework.test.context.support.DirtiesContextTestExecutionListener, org.springframework.test.context.transaction.TransactionalTestExecutionListener, org.springframework.test.context.jdbc.SqlScriptsTestExecutionListener, org.springframework.test.context.event.EventPublishingTestExecutionListener]
2022-09-29 21:16:50.801  INFO 1672 --- [main] .b.t.c.SpringBootTestContextBootstrapper : Using TestExecutionListeners: [org.springframework.test.context.web.ServletTestExecutionListener@3bf4644c, org.springframework.test.context.support.DirtiesContextBeforeModesTestExecutionListener@30adae45, org.springframework.test.context.event.ApplicationEventsTestExecutionListener@792eeae6, org.springframework.boot.test.mock.mockito.MockitoTestExecutionListener@66e62fc4, org.springframework.boot.test.autoconfigure.SpringBootDependencyInjectionTestExecutionListener@7e28f150, org.springframework.test.context.support.DirtiesContextTestExecutionListener@23aaa756, org.springframework.test.context.transaction.TransactionalTestExecutionListener@2d5d001f, org.springframework.test.context.jdbc.SqlScriptsTestExecutionListener@7a92827f, org.springframework.test.context.event.EventPublishingTestExecutionListener@43094e0c, org.springframework.boot.test.mock.mockito.ResetMocksTestExecutionListener@35efd12c, org.springframework.boot.test.autoconfigure.restdocs.RestDocsTestExecutionListener@70f76276, org.springframework.boot.test.autoconfigure.web.client.MockRestServiceServerResetTestExecutionListener@1e18876d, org.springframework.boot.test.autoconfigure.web.servlet.MockMvcPrintOnlyOnFailureTestExecutionListener@17e8c38c, org.springframework.boot.test.autoconfigure.web.servlet.WebDriverTestExecutionListener@5c4516ec, org.springframework.boot.test.autoconfigure.webservices.client.MockWebServiceServerTestExecutionListener@17ea3bc0]
2022-09-29 21:16:50.837  INFO 1672 --- [SpringApplicationShutdownHook] j.LocalContainerEntityManagerFactoryBean : Closing JPA EntityManagerFactory for persistence unit 'default'
2022-09-29 21:16:50.838  INFO 1672 --- [SpringApplicationShutdownHook] .SchemaDropperImpl$DelayedDropActionImpl : HHH000477: Starting delayed evictData of schema as part of SessionFactory shut-down'
2022-09-29 21:16:50.840  INFO 1672 --- [SpringApplicationShutdownHook] com.zaxxer.hikari.HikariDataSource       : HikariPool-1 - Shutdown initiated...
2022-09-29 21:16:50.843  INFO 1672 --- [SpringApplicationShutdownHook] com.zaxxer.hikari.HikariDataSource       : HikariPool-1 - Shutdown completed.
